<?xml version="1.0" encoding="UTF-8"?>
<!-- Generated by org.testng.reporters.JUnitXMLReporter -->
<testsuite ignored="0" hostname="LAPTOP-0H4UER3T" failures="0" tests="6" name="User_Test" time="120.534" errors="0" timestamp="2024-10-14T21:46:30 IST">
  <testcase classname="tests.BookingTest" name="login" time="10.799"/>
  <testcase classname="tests.BookingTest" name="menu" time="4.129"/>
  <testcase classname="tests.BookingTest" name="csu" time="14.53"/>
  <testcase classname="tests.BookingTest" name="agent" time="65.999"/>
  <testcase classname="tests.BookingTest" name="newBooking" time="0.268"/>
  <testcase classname="tests.BookingTest" name="cruises" time="23.171"/>
</testsuite> <!-- User_Test -->
