<?xml version="1.0" encoding="UTF-8"?>
<!-- Generated by org.testng.reporters.JUnitXMLReporter -->
<testsuite ignored="0" hostname="DESKTOP-KR6B0UD" failures="0" tests="6" name="User_Test" time="52.866" errors="0" timestamp="2024-11-15T17:34:22 IST">
  <testcase classname="tests.BookingTest" name="login" time="8.236"/>
  <testcase classname="tests.BookingTest" name="menu" time="4.114"/>
  <testcase classname="tests.BookingTest" name="csu" time="12.084"/>
  <testcase classname="tests.BookingTest" name="agent" time="18.254"/>
  <testcase classname="tests.BookingTest" name="voyageTab" time="4.602"/>
  <testcase classname="tests.BookingTest" name="packageTab" time="4.037"/>
</testsuite> <!-- User_Test -->
