<?xml version="1.0" encoding="UTF-8"?>
<!-- Generated by org.testng.reporters.JUnitXMLReporter -->
<testsuite ignored="0" hostname="LAPTOP-0H4UER3T" failures="0" tests="6" name="User_Test" time="94.918" errors="0" timestamp="2024-10-14T21:16:59 IST">
  <testcase classname="tests.BookingTest" name="login" time="5.1"/>
  <testcase classname="tests.BookingTest" name="menu" time="4.643"/>
  <testcase classname="tests.BookingTest" name="csu" time="6.545"/>
  <testcase classname="tests.BookingTest" name="agent" time="60.071"/>
  <testcase classname="tests.BookingTest" name="newBooking" time="0.292"/>
  <testcase classname="tests.BookingTest" name="cruises" time="16.548"/>
</testsuite> <!-- User_Test -->
