<?xml version="1.0" encoding="UTF-8"?>
<!-- Generated by org.testng.reporters.JUnitXMLReporter -->
<testsuite ignored="0" hostname="DESKTOP-KR6B0UD" failures="1" tests="8" name="User_Test" time="106.549" errors="0" timestamp="2024-11-19T11:36:35 IST">
  <testcase classname="tests.BookingTest" name="login" time="10.045"/>
  <testcase classname="tests.BookingTest" name="menu" time="0.248"/>
  <testcase classname="tests.BookingTest" name="csu" time="6.191"/>
  <testcase classname="tests.BookingTest" name="agent" time="73.985"/>
  <testcase classname="tests.BookingTest" name="voyageTab" time="8.783"/>
  <testcase classname="tests.BookingTest" name="packageTab" time="4.855"/>
  <testcase classname="tests.BookingTest" name="suiteTab" time="0.196">
    <failure type="java.lang.AssertionError" message="Suite tab not selected. expected [true] but found [false]">
      <![CDATA[java.lang.AssertionError: Suite tab not selected. expected [true] but found [false]
at tests.BookingTest.suiteTab(BookingTest.java:190)
at java.base/java.util.ArrayList.forEach(ArrayList.java:1597)
... Removed 28 stack frames]]>
    </failure>
  </testcase> <!-- suiteTab -->
  <testcase classname="tests.BookingTest" name="previewTab" time="0.0">
    <skipped/>
  </testcase> <!-- previewTab -->
</testsuite> <!-- User_Test -->
