<?xml version="1.0" encoding="UTF-8"?>
<!-- Generated by org.testng.reporters.JUnitXMLReporter -->
<testsuite ignored="0" hostname="DESKTOP-KR6B0UD" failures="1" tests="8" name="User_Test" time="66.968" errors="0" timestamp="2024-11-18T10:44:17 IST">
  <testcase classname="tests.BookingTest" name="login" time="10.157"/>
  <testcase classname="tests.BookingTest" name="menu" time="4.112"/>
  <testcase classname="tests.BookingTest" name="csu" time="12.596"/>
  <testcase classname="tests.BookingTest" name="agent" time="24.067"/>
  <testcase classname="tests.BookingTest" name="voyageTab" time="5.159"/>
  <testcase classname="tests.BookingTest" name="packageTab" time="3.899"/>
  <testcase classname="tests.BookingTest" name="suiteTab" time="4.699">
    <failure type="java.lang.AssertionError" message="Failed to select a suite: element click intercepted: Element &amp;lt;span _ngcontent-mbj-c759=&amp;quot;&amp;quot; kendotooltip=&amp;quot;&amp;quot; class=&amp;quot;status status-approve ng-star-inserted&amp;quot; title=&amp;quot;Available&amp;quot;&amp;gt;...&amp;lt;/span&amp;gt; is not clickable at point (905, 319). Other element would receive the click: &amp;lt;div _ngcontent-mbj-c462=&amp;quot;&amp;quot; class=&amp;quot;ngx-spinner-overlay ng-tns-c462-0 ng-trigger ng-trigger-fadeIn ng-star-inserted&amp;quot; style=&amp;quot;background-color: rgba(51, 51, 51, 0.8); z-index: 99999; position: fixed; opacity: 1;&amp;quot;&amp;gt;...&amp;lt;/div&amp;gt;
  (Session info: chrome=130.0.6723.119)
Build info: version: &amp;apos;4.25.0&amp;apos;, revision: &amp;apos;8a8aea2337&amp;apos;
System info: os.name: &amp;apos;Windows 11&amp;apos;, os.arch: &amp;apos;amd64&amp;apos;, os.version: &amp;apos;10.0&amp;apos;, java.version: &amp;apos;23.0.1&amp;apos;
Driver info: org.openqa.selenium.chrome.ChromeDriver
Command: [85bbdf43f2d1e4fb45693e695e91ec33, clickElement {id=f.EBC2EB1B6731F2B0597127676DA37BC2.d.323BA71A61FFB61AC115728CFD0BAE5A.e.771}]
Capabilities {acceptInsecureCerts: false, browserName: chrome, browserVersion: 130.0.6723.119, chrome: {chromedriverVersion: 130.0.6723.116 (6ac35f94ae3..., userDataDir: C:\Users\EFFIAS~1\AppData\L...}, fedcm:accounts: true, goog:chromeOptions: {debuggerAddress: localhost:61987}, networkConnectionEnabled: false, pageLoadStrategy: normal, platformName: windows, proxy: Proxy(), se:cdp: ws://localhost:61987/devtoo..., se:cdpVersion: 130.0.6723.119, setWindowRect: true, strictFileInteractability: false, timeouts: {implicit: 0, pageLoad: 300000, script: 30000}, unhandledPromptBehavior: dismiss and notify, webauthn:extension:credBlob: true, webauthn:extension:largeBlob: true, webauthn:extension:minPinLength: true, webauthn:extension:prf: true, webauthn:virtualAuthenticators: true}
Element: [[ChromeDriver: chrome on windows (85bbdf43f2d1e4fb45693e695e91ec33)] -&amp;gt; xpath: //span[@title=&amp;apos;Available&amp;apos;]]
Session ID: 85bbdf43f2d1e4fb45693e695e91ec33">
      <![CDATA[java.lang.AssertionError: Failed to select a suite: element click intercepted: Element <span _ngcontent-mbj-c759="" kendotooltip="" class="status status-approve ng-star-inserted" title="Available">...</span> is not clickable at point (905, 319). Other element would receive the click: <div _ngcontent-mbj-c462="" class="ngx-spinner-overlay ng-tns-c462-0 ng-trigger ng-trigger-fadeIn ng-star-inserted" style="background-color: rgba(51, 51, 51, 0.8); z-index: 99999; position: fixed; opacity: 1;">...</div>
  (Session info: chrome=130.0.6723.119)
Build info: version: '4.25.0', revision: '8a8aea2337'
System info: os.name: 'Windows 11', os.arch: 'amd64', os.version: '10.0', java.version: '23.0.1'
Driver info: org.openqa.selenium.chrome.ChromeDriver
Command: [85bbdf43f2d1e4fb45693e695e91ec33, clickElement {id=f.EBC2EB1B6731F2B0597127676DA37BC2.d.323BA71A61FFB61AC115728CFD0BAE5A.e.771}]
Capabilities {acceptInsecureCerts: false, browserName: chrome, browserVersion: 130.0.6723.119, chrome: {chromedriverVersion: 130.0.6723.116 (6ac35f94ae3..., userDataDir: C:\Users\EFFIAS~1\AppData\L...}, fedcm:accounts: true, goog:chromeOptions: {debuggerAddress: localhost:61987}, networkConnectionEnabled: false, pageLoadStrategy: normal, platformName: windows, proxy: Proxy(), se:cdp: ws://localhost:61987/devtoo..., se:cdpVersion: 130.0.6723.119, setWindowRect: true, strictFileInteractability: false, timeouts: {implicit: 0, pageLoad: 300000, script: 30000}, unhandledPromptBehavior: dismiss and notify, webauthn:extension:credBlob: true, webauthn:extension:largeBlob: true, webauthn:extension:minPinLength: true, webauthn:extension:prf: true, webauthn:virtualAuthenticators: true}
Element: [[ChromeDriver: chrome on windows (85bbdf43f2d1e4fb45693e695e91ec33)] -> xpath: //span[@title='Available']]
Session ID: 85bbdf43f2d1e4fb45693e695e91ec33
at pages.Suite.suites(Suite.java:95)
at tests.BookingTest.suiteTab(BookingTest.java:191)
at java.base/java.util.ArrayList.forEach(ArrayList.java:1597)
... Removed 26 stack frames]]>
    </failure>
  </testcase> <!-- suiteTab -->
  <testcase classname="tests.BookingTest" name="previewTab" time="0.0">
    <skipped/>
  </testcase> <!-- previewTab -->
</testsuite> <!-- User_Test -->
