<?xml version="1.0" encoding="UTF-8"?>
<!-- Generated by org.testng.reporters.JUnitXMLReporter -->
<testsuite ignored="0" hostname="DESKTOP-KR6B0UD" failures="1" tests="9" name="User_Test" time="67.609" errors="0" timestamp="2024-12-11T12:05:52 IST">
  <testcase classname="tests.BookingTest" name="login" time="63.997">
    <failure type="java.lang.AssertionError" message="Login failed: Incorrect credentials.">
      <![CDATA[java.lang.AssertionError: Login failed: Incorrect credentials.
at pages.LoginPage.login(LoginPage.java:54)
at tests.BookingTest.login(BookingTest.java:32)
at java.base/java.util.ArrayList.forEach(ArrayList.java:1597)
... Removed 26 stack frames]]>
    </failure>
  </testcase> <!-- login -->
  <testcase classname="tests.BookingTest" name="menu" time="0.001">
    <skipped/>
  </testcase> <!-- menu -->
  <testcase classname="tests.BookingTest" name="csu" time="0.0">
    <skipped/>
  </testcase> <!-- csu -->
  <testcase classname="tests.BookingTest" name="agent" time="0.002">
    <skipped/>
  </testcase> <!-- agent -->
  <testcase classname="tests.BookingTest" name="voyageTab" time="0.0">
    <skipped/>
  </testcase> <!-- voyageTab -->
  <testcase classname="tests.BookingTest" name="packageTab" time="0.0">
    <skipped/>
  </testcase> <!-- packageTab -->
  <testcase classname="tests.BookingTest" name="suiteTab" time="0.0">
    <skipped/>
  </testcase> <!-- suiteTab -->
  <testcase classname="tests.BookingTest" name="previewTab" time="0.0">
    <skipped/>
  </testcase> <!-- previewTab -->
  <testcase classname="tests.BookingTest" name="newProfile" time="0.0">
    <skipped/>
  </testcase> <!-- newProfile -->
</testsuite> <!-- User_Test -->
