<?xml version="1.0" encoding="UTF-8"?>
<!-- Generated by org.testng.reporters.JUnitXMLReporter -->
<testsuite ignored="0" hostname="DESKTOP-KR6B0UD" failures="1" tests="6" name="User_Test" time="66.824" errors="0" timestamp="2024-11-12T13:15:20 IST">
  <testcase classname="tests.BookingTest" name="login" time="63.78">
    <failure type="java.lang.AssertionError" message="Test failed at login: Login failed due to incorrect credentials.">
      <![CDATA[java.lang.AssertionError: Test failed at login: Login failed due to incorrect credentials.
at tests.BookingTest.login(BookingTest.java:34)
at java.base/java.util.ArrayList.forEach(ArrayList.java:1597)
... Removed 26 stack frames]]>
    </failure>
  </testcase> <!-- login -->
  <testcase classname="tests.BookingTest" name="menu" time="0.001">
    <skipped/>
  </testcase> <!-- menu -->
  <testcase classname="tests.BookingTest" name="csu" time="0.0">
    <skipped/>
  </testcase> <!-- csu -->
  <testcase classname="tests.BookingTest" name="agent" time="0.0">
    <skipped/>
  </testcase> <!-- agent -->
  <testcase classname="tests.BookingTest" name="newBooking" time="0.0">
    <skipped/>
  </testcase> <!-- newBooking -->
  <testcase classname="tests.BookingTest" name="cruises" time="0.0">
    <skipped/>
  </testcase> <!-- cruises -->
</testsuite> <!-- User_Test -->
