<?xml version="1.0" encoding="UTF-8"?>
<!-- Generated by org.testng.reporters.JUnitXMLReporter -->
<testsuite ignored="0" hostname="LAPTOP-0H4UER3T" failures="1" tests="6" name="User_Test" time="102.446" errors="0" timestamp="2024-10-13T22:20:45 IST">
  <testcase classname="tests.BookingTest" name="login" time="12.597"/>
  <testcase classname="tests.BookingTest" name="menu" time="4.178"/>
  <testcase classname="tests.BookingTest" name="csu" time="10.012"/>
  <testcase classname="tests.BookingTest" name="agent" time="64.389"/>
  <testcase classname="tests.BookingTest" name="newBooking" time="5.45"/>
  <testcase classname="tests.BookingTest" name="cruises" time="3.391">
    <failure type="java.lang.AssertionError" message="Failed to select the package or selecting the suite: stale element reference: stale element not found in the current frame
  (Session info: chrome=129.0.6668.100)
For documentation on this error, please visit: https://www.selenium.dev/documentation/webdriver/troubleshooting/errors#stale-element-reference-exception
Build info: version: &amp;apos;4.25.0&amp;apos;, revision: &amp;apos;8a8aea2337&amp;apos;
System info: os.name: &amp;apos;Windows 11&amp;apos;, os.arch: &amp;apos;amd64&amp;apos;, os.version: &amp;apos;10.0&amp;apos;, java.version: &amp;apos;21.0.3&amp;apos;
Driver info: org.openqa.selenium.chrome.ChromeDriver
Command: [18bcf0bbfc319ec568a4c2cbb4e7d490, clickElement {id=f.836BDC080196952D949BE2EE73FD21CC.d.B3E71EEDDF4CBC2533110C483C273956.e.473}]
Capabilities {acceptInsecureCerts: false, browserName: chrome, browserVersion: 129.0.6668.100, chrome: {chromedriverVersion: 129.0.6668.100 (cf58cba358d..., userDataDir: C:\Users\EFFIAS~1\AppData\L...}, fedcm:accounts: true, goog:chromeOptions: {debuggerAddress: localhost:52280}, networkConnectionEnabled: false, pageLoadStrategy: normal, platformName: windows, proxy: Proxy(), se:cdp: ws://localhost:52280/devtoo..., se:cdpVersion: 129.0.6668.100, setWindowRect: true, strictFileInteractability: false, timeouts: {implicit: 0, pageLoad: 300000, script: 30000}, unhandledPromptBehavior: dismiss and notify, webauthn:extension:credBlob: true, webauthn:extension:largeBlob: true, webauthn:extension:minPinLength: true, webauthn:extension:prf: true, webauthn:virtualAuthenticators: true}
Element: [[ChromeDriver: chrome on windows (18bcf0bbfc319ec568a4c2cbb4e7d490)] -&amp;gt; xpath: (//li[@class=&amp;apos;cabin-content ng-star-inserted&amp;apos;])[1]]
Session ID: 18bcf0bbfc319ec568a4c2cbb4e7d490">
      <![CDATA[java.lang.AssertionError: Failed to select the package or selecting the suite: stale element reference: stale element not found in the current frame
  (Session info: chrome=129.0.6668.100)
For documentation on this error, please visit: https://www.selenium.dev/documentation/webdriver/troubleshooting/errors#stale-element-reference-exception
Build info: version: '4.25.0', revision: '8a8aea2337'
System info: os.name: 'Windows 11', os.arch: 'amd64', os.version: '10.0', java.version: '21.0.3'
Driver info: org.openqa.selenium.chrome.ChromeDriver
Command: [18bcf0bbfc319ec568a4c2cbb4e7d490, clickElement {id=f.836BDC080196952D949BE2EE73FD21CC.d.B3E71EEDDF4CBC2533110C483C273956.e.473}]
Capabilities {acceptInsecureCerts: false, browserName: chrome, browserVersion: 129.0.6668.100, chrome: {chromedriverVersion: 129.0.6668.100 (cf58cba358d..., userDataDir: C:\Users\EFFIAS~1\AppData\L...}, fedcm:accounts: true, goog:chromeOptions: {debuggerAddress: localhost:52280}, networkConnectionEnabled: false, pageLoadStrategy: normal, platformName: windows, proxy: Proxy(), se:cdp: ws://localhost:52280/devtoo..., se:cdpVersion: 129.0.6668.100, setWindowRect: true, strictFileInteractability: false, timeouts: {implicit: 0, pageLoad: 300000, script: 30000}, unhandledPromptBehavior: dismiss and notify, webauthn:extension:credBlob: true, webauthn:extension:largeBlob: true, webauthn:extension:minPinLength: true, webauthn:extension:prf: true, webauthn:virtualAuthenticators: true}
Element: [[ChromeDriver: chrome on windows (18bcf0bbfc319ec568a4c2cbb4e7d490)] -> xpath: (//li[@class='cabin-content ng-star-inserted'])[1]]
Session ID: 18bcf0bbfc319ec568a4c2cbb4e7d490
at pages.CruiseBooking.packages(CruiseBooking.java:68)
at tests.BookingTest.cruises(BookingTest.java:132)
at java.base/java.util.ArrayList.forEach(ArrayList.java:1596)
... Removed 26 stack frames]]>
    </failure>
  </testcase> <!-- cruises -->
</testsuite> <!-- User_Test -->
