<?xml version="1.0" encoding="UTF-8"?>
<!-- Generated by org.testng.reporters.JUnitXMLReporter -->
<testsuite ignored="0" hostname="LAPTOP-0H4UER3T" failures="0" tests="4" name="User_Test" time="160.427" errors="0" timestamp="2024-10-12T00:33:07 IST">
  <testcase classname="tests.BookingTest" name="login" time="79.965"/>
  <testcase classname="tests.BookingTest" name="menu" time="4.136"/>
  <testcase classname="tests.BookingTest" name="csu" time="10.8"/>
  <testcase classname="tests.BookingTest" name="agent" time="63.03"/>
</testsuite> <!-- User_Test -->
