<?xml version="1.0" encoding="UTF-8"?>
<testng-results ignored="0" total="4" passed="4" failed="0" skipped="0">
  <reporter-output>
  </reporter-output>
  <suite started-at="2024-10-12T00:30:26 IST" name="User_Suite" finished-at="2024-10-12T00:33:07 IST" duration-ms="160427">
    <groups>
    </groups>
    <test started-at="2024-10-12T00:30:26 IST" name="User_Test" finished-at="2024-10-12T00:33:07 IST" duration-ms="160427">
      <class name="tests.BookingTest">
        <test-method is-config="true" signature="setup()[pri:0, instance:tests.BookingTest@665df3c6]" started-at="2024-10-12T00:30:26 IST" name="setup" finished-at="2024-10-12T00:30:28 IST" duration-ms="1996" status="PASS">
          <reporter-output>
          </reporter-output>
        </test-method> <!-- setup -->
        <test-method signature="login()[pri:0, instance:tests.BookingTest@665df3c6]" started-at="2024-10-12T00:30:28 IST" name="login" finished-at="2024-10-12T00:31:48 IST" duration-ms="79965" status="PASS">
          <reporter-output>
          </reporter-output>
        </test-method> <!-- login -->
        <test-method signature="menu()[pri:0, instance:tests.BookingTest@665df3c6]" started-at="2024-10-12T00:31:48 IST" name="menu" finished-at="2024-10-12T00:31:52 IST" depends-on-methods="tests.BookingTest.login" duration-ms="4136" status="PASS">
          <reporter-output>
          </reporter-output>
        </test-method> <!-- menu -->
        <test-method signature="csu()[pri:0, instance:tests.BookingTest@665df3c6]" started-at="2024-10-12T00:31:52 IST" name="csu" finished-at="2024-10-12T00:32:03 IST" depends-on-methods="tests.BookingTest.menu" duration-ms="10800" status="PASS">
          <reporter-output>
          </reporter-output>
        </test-method> <!-- csu -->
        <test-method signature="agent()[pri:0, instance:tests.BookingTest@665df3c6]" started-at="2024-10-12T00:32:03 IST" name="agent" finished-at="2024-10-12T00:33:06 IST" depends-on-methods="tests.BookingTest.csu" duration-ms="63030" status="PASS">
          <reporter-output>
          </reporter-output>
        </test-method> <!-- agent -->
        <test-method is-config="true" signature="teardown()[pri:0, instance:tests.BookingTest@665df3c6]" started-at="2024-10-12T00:33:06 IST" name="teardown" finished-at="2024-10-12T00:33:07 IST" duration-ms="312" status="PASS">
          <reporter-output>
          </reporter-output>
        </test-method> <!-- teardown -->
      </class> <!-- tests.BookingTest -->
    </test> <!-- User_Test -->
  </suite> <!-- User_Suite -->
</testng-results>
