<?xml version="1.0" encoding="UTF-8"?>
<testng-results ignored="0" total="6" passed="5" failed="1" skipped="0">
  <reporter-output>
  </reporter-output>
  <suite started-at="2024-10-13T22:19:02 IST" name="User_Suite" finished-at="2024-10-13T22:20:45 IST" duration-ms="102446">
    <groups>
    </groups>
    <test started-at="2024-10-13T22:19:02 IST" name="User_Test" finished-at="2024-10-13T22:20:45 IST" duration-ms="102446">
      <class name="tests.BookingTest">
        <test-method is-config="true" signature="setup()[pri:0, instance:tests.BookingTest@68b6f0d6]" started-at="2024-10-13T22:19:02 IST" name="setup" finished-at="2024-10-13T22:19:04 IST" duration-ms="1832" status="PASS">
          <reporter-output>
          </reporter-output>
        </test-method> <!-- setup -->
        <test-method signature="login()[pri:0, instance:tests.BookingTest@68b6f0d6]" started-at="2024-10-13T22:19:04 IST" name="login" finished-at="2024-10-13T22:19:17 IST" duration-ms="12597" status="PASS">
          <reporter-output>
          </reporter-output>
        </test-method> <!-- login -->
        <test-method signature="menu()[pri:0, instance:tests.BookingTest@68b6f0d6]" started-at="2024-10-13T22:19:17 IST" name="menu" finished-at="2024-10-13T22:19:21 IST" depends-on-methods="tests.BookingTest.login" duration-ms="4178" status="PASS">
          <reporter-output>
          </reporter-output>
        </test-method> <!-- menu -->
        <test-method signature="csu()[pri:0, instance:tests.BookingTest@68b6f0d6]" started-at="2024-10-13T22:19:21 IST" name="csu" finished-at="2024-10-13T22:19:31 IST" depends-on-methods="tests.BookingTest.menu" duration-ms="10012" status="PASS">
          <reporter-output>
          </reporter-output>
        </test-method> <!-- csu -->
        <test-method signature="agent()[pri:0, instance:tests.BookingTest@68b6f0d6]" started-at="2024-10-13T22:19:31 IST" name="agent" finished-at="2024-10-13T22:20:35 IST" depends-on-methods="tests.BookingTest.csu" duration-ms="64389" status="PASS">
          <reporter-output>
          </reporter-output>
        </test-method> <!-- agent -->
        <test-method signature="newBooking()[pri:0, instance:tests.BookingTest@68b6f0d6]" started-at="2024-10-13T22:20:35 IST" name="newBooking" finished-at="2024-10-13T22:20:41 IST" depends-on-methods="tests.BookingTest.agent" duration-ms="5450" status="PASS">
          <reporter-output>
          </reporter-output>
        </test-method> <!-- newBooking -->
        <test-method signature="cruises()[pri:0, instance:tests.BookingTest@68b6f0d6]" started-at="2024-10-13T22:20:41 IST" name="cruises" finished-at="2024-10-13T22:20:44 IST" depends-on-methods="tests.BookingTest.newBooking" duration-ms="3391" status="FAIL">
          <exception class="java.lang.AssertionError">
            <message>
              <![CDATA[Failed to select the package or selecting the suite: stale element reference: stale element not found in the current frame
  (Session info: chrome=129.0.6668.100)
For documentation on this error, please visit: https://www.selenium.dev/documentation/webdriver/troubleshooting/errors#stale-element-reference-exception
Build info: version: '4.25.0', revision: '8a8aea2337'
System info: os.name: 'Windows 11', os.arch: 'amd64', os.version: '10.0', java.version: '21.0.3'
Driver info: org.openqa.selenium.chrome.ChromeDriver
Command: [18bcf0bbfc319ec568a4c2cbb4e7d490, clickElement {id=f.836BDC080196952D949BE2EE73FD21CC.d.B3E71EEDDF4CBC2533110C483C273956.e.473}]
Capabilities {acceptInsecureCerts: false, browserName: chrome, browserVersion: 129.0.6668.100, chrome: {chromedriverVersion: 129.0.6668.100 (cf58cba358d..., userDataDir: C:\Users\EFFIAS~1\AppData\L...}, fedcm:accounts: true, goog:chromeOptions: {debuggerAddress: localhost:52280}, networkConnectionEnabled: false, pageLoadStrategy: normal, platformName: windows, proxy: Proxy(), se:cdp: ws://localhost:52280/devtoo..., se:cdpVersion: 129.0.6668.100, setWindowRect: true, strictFileInteractability: false, timeouts: {implicit: 0, pageLoad: 300000, script: 30000}, unhandledPromptBehavior: dismiss and notify, webauthn:extension:credBlob: true, webauthn:extension:largeBlob: true, webauthn:extension:minPinLength: true, webauthn:extension:prf: true, webauthn:virtualAuthenticators: true}
Element: [[ChromeDriver: chrome on windows (18bcf0bbfc319ec568a4c2cbb4e7d490)] -> xpath: (//li[@class='cabin-content ng-star-inserted'])[1]]
Session ID: 18bcf0bbfc319ec568a4c2cbb4e7d490]]>
            </message>
            <full-stacktrace>
              <![CDATA[java.lang.AssertionError: Failed to select the package or selecting the suite: stale element reference: stale element not found in the current frame
  (Session info: chrome=129.0.6668.100)
For documentation on this error, please visit: https://www.selenium.dev/documentation/webdriver/troubleshooting/errors#stale-element-reference-exception
Build info: version: '4.25.0', revision: '8a8aea2337'
System info: os.name: 'Windows 11', os.arch: 'amd64', os.version: '10.0', java.version: '21.0.3'
Driver info: org.openqa.selenium.chrome.ChromeDriver
Command: [18bcf0bbfc319ec568a4c2cbb4e7d490, clickElement {id=f.836BDC080196952D949BE2EE73FD21CC.d.B3E71EEDDF4CBC2533110C483C273956.e.473}]
Capabilities {acceptInsecureCerts: false, browserName: chrome, browserVersion: 129.0.6668.100, chrome: {chromedriverVersion: 129.0.6668.100 (cf58cba358d..., userDataDir: C:\Users\EFFIAS~1\AppData\L...}, fedcm:accounts: true, goog:chromeOptions: {debuggerAddress: localhost:52280}, networkConnectionEnabled: false, pageLoadStrategy: normal, platformName: windows, proxy: Proxy(), se:cdp: ws://localhost:52280/devtoo..., se:cdpVersion: 129.0.6668.100, setWindowRect: true, strictFileInteractability: false, timeouts: {implicit: 0, pageLoad: 300000, script: 30000}, unhandledPromptBehavior: dismiss and notify, webauthn:extension:credBlob: true, webauthn:extension:largeBlob: true, webauthn:extension:minPinLength: true, webauthn:extension:prf: true, webauthn:virtualAuthenticators: true}
Element: [[ChromeDriver: chrome on windows (18bcf0bbfc319ec568a4c2cbb4e7d490)] -> xpath: (//li[@class='cabin-content ng-star-inserted'])[1]]
Session ID: 18bcf0bbfc319ec568a4c2cbb4e7d490
at org.testng.Assert.fail(Assert.java:111)
at pages.CruiseBooking.packages(CruiseBooking.java:68)
at tests.BookingTest.cruises(BookingTest.java:132)
at java.base/jdk.internal.reflect.DirectMethodHandleAccessor.invoke(DirectMethodHandleAccessor.java:103)
at java.base/java.lang.reflect.Method.invoke(Method.java:580)
at org.testng.internal.invokers.MethodInvocationHelper.invokeMethod(MethodInvocationHelper.java:141)
at org.testng.internal.invokers.TestInvoker.invokeMethod(TestInvoker.java:686)
at org.testng.internal.invokers.TestInvoker.invokeTestMethod(TestInvoker.java:230)
at org.testng.internal.invokers.MethodRunner.runInSequence(MethodRunner.java:63)
at org.testng.internal.invokers.TestInvoker$MethodInvocationAgent.invoke(TestInvoker.java:992)
at org.testng.internal.invokers.TestInvoker.invokeTestMethods(TestInvoker.java:203)
at org.testng.internal.invokers.TestMethodWorker.invokeTestMethods(TestMethodWorker.java:154)
at org.testng.internal.invokers.TestMethodWorker.run(TestMethodWorker.java:134)
at java.base/java.util.ArrayList.forEach(ArrayList.java:1596)
at org.testng.TestRunner.privateRun(TestRunner.java:739)
at org.testng.TestRunner.run(TestRunner.java:614)
at org.testng.SuiteRunner.runTest(SuiteRunner.java:421)
at org.testng.SuiteRunner.runSequentially(SuiteRunner.java:413)
at org.testng.SuiteRunner.privateRun(SuiteRunner.java:373)
at org.testng.SuiteRunner.run(SuiteRunner.java:312)
at org.testng.SuiteRunnerWorker.runSuite(SuiteRunnerWorker.java:52)
at org.testng.SuiteRunnerWorker.run(SuiteRunnerWorker.java:95)
at org.testng.TestNG.runSuitesSequentially(TestNG.java:1274)
at org.testng.TestNG.runSuitesLocally(TestNG.java:1208)
at org.testng.TestNG.runSuites(TestNG.java:1112)
at org.testng.TestNG.run(TestNG.java:1079)
at org.testng.remote.AbstractRemoteTestNG.run(AbstractRemoteTestNG.java:115)
at org.testng.remote.RemoteTestNG.initAndRun(RemoteTestNG.java:293)
at org.testng.remote.RemoteTestNG.main(RemoteTestNG.java:91)
]]>
            </full-stacktrace>
          </exception> <!-- java.lang.AssertionError -->
          <reporter-output>
          </reporter-output>
        </test-method> <!-- cruises -->
      </class> <!-- tests.BookingTest -->
    </test> <!-- User_Test -->
  </suite> <!-- User_Suite -->
</testng-results>
