<?xml version="1.0" encoding="UTF-8"?>
<testng-results ignored="0" total="3" passed="3" failed="0" skipped="0">
  <reporter-output>
  </reporter-output>
  <suite started-at="2024-10-10T23:48:13 IST" name="User_Suite" finished-at="2024-10-10T23:48:29 IST" duration-ms="16106">
    <groups>
    </groups>
    <test started-at="2024-10-10T23:48:13 IST" name="User_Test" finished-at="2024-10-10T23:48:29 IST" duration-ms="16106">
      <class name="tests.BookingTest">
        <test-method is-config="true" signature="setup()[pri:0, instance:tests.BookingTest@686449f9]" started-at="2024-10-10T23:48:13 IST" name="setup" finished-at="2024-10-10T23:48:15 IST" duration-ms="1528" status="PASS">
          <reporter-output>
          </reporter-output>
        </test-method> <!-- setup -->
        <test-method signature="login()[pri:0, instance:tests.BookingTest@686449f9]" started-at="2024-10-10T23:48:15 IST" name="login" finished-at="2024-10-10T23:48:19 IST" duration-ms="4187" status="PASS">
          <reporter-output>
          </reporter-output>
        </test-method> <!-- login -->
        <test-method signature="menu()[pri:0, instance:tests.BookingTest@686449f9]" started-at="2024-10-10T23:48:19 IST" name="menu" finished-at="2024-10-10T23:48:23 IST" depends-on-methods="tests.BookingTest.login" duration-ms="4175" status="PASS">
          <reporter-output>
          </reporter-output>
        </test-method> <!-- menu -->
        <test-method signature="csu()[pri:0, instance:tests.BookingTest@686449f9]" started-at="2024-10-10T23:48:23 IST" name="csu" finished-at="2024-10-10T23:48:28 IST" depends-on-methods="tests.BookingTest.menu" duration-ms="4171" status="PASS">
          <reporter-output>
          </reporter-output>
        </test-method> <!-- csu -->
        <test-method is-config="true" signature="teardown()[pri:0, instance:tests.BookingTest@686449f9]" started-at="2024-10-10T23:48:28 IST" name="teardown" finished-at="2024-10-10T23:48:29 IST" duration-ms="1885" status="PASS">
          <reporter-output>
          </reporter-output>
        </test-method> <!-- teardown -->
      </class> <!-- tests.BookingTest -->
    </test> <!-- User_Test -->
  </suite> <!-- User_Suite -->
</testng-results>
