<?xml version="1.0" encoding="UTF-8"?>
<testng-results ignored="0" total="8" passed="6" failed="1" skipped="1">
  <reporter-output>
  </reporter-output>
  <suite started-at="2024-11-19T11:34:48 IST" name="User_Suite" finished-at="2024-11-19T11:36:35 IST" duration-ms="106549">
    <groups>
    </groups>
    <test started-at="2024-11-19T11:34:48 IST" name="User_Test" finished-at="2024-11-19T11:36:35 IST" duration-ms="106549">
      <class name="tests.BookingTest">
        <test-method is-config="true" signature="setup()[pri:0, instance:tests.BookingTest@1ef3efa8]" started-at="2024-11-19T11:34:48 IST" name="setup" finished-at="2024-11-19T11:34:50 IST" duration-ms="1644" status="PASS">
          <reporter-output>
          </reporter-output>
        </test-method> <!-- setup -->
        <test-method signature="login()[pri:0, instance:tests.BookingTest@1ef3efa8]" started-at="2024-11-19T11:34:50 IST" name="login" finished-at="2024-11-19T11:35:00 IST" duration-ms="10045" status="PASS">
          <reporter-output>
          </reporter-output>
        </test-method> <!-- login -->
        <test-method signature="menu()[pri:0, instance:tests.BookingTest@1ef3efa8]" started-at="2024-11-19T11:35:00 IST" name="menu" finished-at="2024-11-19T11:35:00 IST" depends-on-methods="tests.BookingTest.login" duration-ms="248" status="PASS">
          <reporter-output>
          </reporter-output>
        </test-method> <!-- menu -->
        <test-method signature="csu()[pri:0, instance:tests.BookingTest@1ef3efa8]" started-at="2024-11-19T11:35:00 IST" name="csu" finished-at="2024-11-19T11:35:06 IST" depends-on-methods="tests.BookingTest.menu" duration-ms="6191" status="PASS">
          <reporter-output>
          </reporter-output>
        </test-method> <!-- csu -->
        <test-method signature="agent()[pri:0, instance:tests.BookingTest@1ef3efa8]" started-at="2024-11-19T11:35:06 IST" name="agent" finished-at="2024-11-19T11:36:20 IST" depends-on-methods="tests.BookingTest.csu" duration-ms="73985" status="PASS">
          <reporter-output>
          </reporter-output>
        </test-method> <!-- agent -->
        <test-method signature="voyageTab()[pri:0, instance:tests.BookingTest@1ef3efa8]" started-at="2024-11-19T11:36:20 IST" name="voyageTab" finished-at="2024-11-19T11:36:29 IST" depends-on-methods="tests.BookingTest.agent" duration-ms="8783" status="PASS">
          <reporter-output>
          </reporter-output>
        </test-method> <!-- voyageTab -->
        <test-method signature="packageTab()[pri:0, instance:tests.BookingTest@1ef3efa8]" started-at="2024-11-19T11:36:29 IST" name="packageTab" finished-at="2024-11-19T11:36:34 IST" depends-on-methods="tests.BookingTest.voyageTab" duration-ms="4855" status="PASS">
          <reporter-output>
          </reporter-output>
        </test-method> <!-- packageTab -->
        <test-method signature="suiteTab()[pri:0, instance:tests.BookingTest@1ef3efa8]" started-at="2024-11-19T11:36:34 IST" name="suiteTab" finished-at="2024-11-19T11:36:34 IST" depends-on-methods="tests.BookingTest.packageTab" duration-ms="196" status="FAIL">
          <exception class="java.lang.AssertionError">
            <message>
              <![CDATA[Suite tab not selected. expected [true] but found [false]]]>
            </message>
            <full-stacktrace>
              <![CDATA[java.lang.AssertionError: Suite tab not selected. expected [true] but found [false]
at org.testng.Assert.fail(Assert.java:111)
at org.testng.Assert.failNotEquals(Assert.java:1578)
at org.testng.Assert.assertTrue(Assert.java:57)
at tests.BookingTest.suiteTab(BookingTest.java:190)
at java.base/jdk.internal.reflect.DirectMethodHandleAccessor.invoke(DirectMethodHandleAccessor.java:103)
at java.base/java.lang.reflect.Method.invoke(Method.java:580)
at org.testng.internal.invokers.MethodInvocationHelper.invokeMethod(MethodInvocationHelper.java:141)
at org.testng.internal.invokers.TestInvoker.invokeMethod(TestInvoker.java:686)
at org.testng.internal.invokers.TestInvoker.invokeTestMethod(TestInvoker.java:230)
at org.testng.internal.invokers.MethodRunner.runInSequence(MethodRunner.java:63)
at org.testng.internal.invokers.TestInvoker$MethodInvocationAgent.invoke(TestInvoker.java:992)
at org.testng.internal.invokers.TestInvoker.invokeTestMethods(TestInvoker.java:203)
at org.testng.internal.invokers.TestMethodWorker.invokeTestMethods(TestMethodWorker.java:154)
at org.testng.internal.invokers.TestMethodWorker.run(TestMethodWorker.java:134)
at java.base/java.util.ArrayList.forEach(ArrayList.java:1597)
at org.testng.TestRunner.privateRun(TestRunner.java:739)
at org.testng.TestRunner.run(TestRunner.java:614)
at org.testng.SuiteRunner.runTest(SuiteRunner.java:421)
at org.testng.SuiteRunner.runSequentially(SuiteRunner.java:413)
at org.testng.SuiteRunner.privateRun(SuiteRunner.java:373)
at org.testng.SuiteRunner.run(SuiteRunner.java:312)
at org.testng.SuiteRunnerWorker.runSuite(SuiteRunnerWorker.java:52)
at org.testng.SuiteRunnerWorker.run(SuiteRunnerWorker.java:95)
at org.testng.TestNG.runSuitesSequentially(TestNG.java:1274)
at org.testng.TestNG.runSuitesLocally(TestNG.java:1208)
at org.testng.TestNG.runSuites(TestNG.java:1112)
at org.testng.TestNG.run(TestNG.java:1079)
at org.testng.remote.AbstractRemoteTestNG.run(AbstractRemoteTestNG.java:115)
at org.testng.remote.RemoteTestNG.initAndRun(RemoteTestNG.java:293)
at org.testng.remote.RemoteTestNG.main(RemoteTestNG.java:91)
]]>
            </full-stacktrace>
          </exception> <!-- java.lang.AssertionError -->
          <reporter-output>
          </reporter-output>
        </test-method> <!-- suiteTab -->
        <test-method signature="previewTab()[pri:0, instance:tests.BookingTest@1ef3efa8]" started-at="2024-11-19T11:36:35 IST" name="previewTab" finished-at="2024-11-19T11:36:35 IST" depends-on-methods="tests.BookingTest.suiteTab" duration-ms="0" status="SKIP">
          <exception class="java.lang.Throwable">
            <message>
              <![CDATA[Method tests.BookingTest.previewTab() on instance tests.BookingTest@1ef3efa8 depends on not successfully finished methods 
[tests.BookingTest.suiteTab() on instance tests.BookingTest@1ef3efa8]]]>
            </message>
            <full-stacktrace>
              <![CDATA[java.lang.Throwable: Method tests.BookingTest.previewTab() on instance tests.BookingTest@1ef3efa8 depends on not successfully finished methods 
[tests.BookingTest.suiteTab() on instance tests.BookingTest@1ef3efa8]
at org.testng.internal.invokers.TestInvoker.invokeTestMethods(TestInvoker.java:159)
at org.testng.internal.invokers.TestMethodWorker.invokeTestMethods(TestMethodWorker.java:154)
at org.testng.internal.invokers.TestMethodWorker.run(TestMethodWorker.java:134)
at java.base/java.util.ArrayList.forEach(ArrayList.java:1597)
at org.testng.TestRunner.privateRun(TestRunner.java:739)
at org.testng.TestRunner.run(TestRunner.java:614)
at org.testng.SuiteRunner.runTest(SuiteRunner.java:421)
at org.testng.SuiteRunner.runSequentially(SuiteRunner.java:413)
at org.testng.SuiteRunner.privateRun(SuiteRunner.java:373)
at org.testng.SuiteRunner.run(SuiteRunner.java:312)
at org.testng.SuiteRunnerWorker.runSuite(SuiteRunnerWorker.java:52)
at org.testng.SuiteRunnerWorker.run(SuiteRunnerWorker.java:95)
at org.testng.TestNG.runSuitesSequentially(TestNG.java:1274)
at org.testng.TestNG.runSuitesLocally(TestNG.java:1208)
at org.testng.TestNG.runSuites(TestNG.java:1112)
at org.testng.TestNG.run(TestNG.java:1079)
at org.testng.remote.AbstractRemoteTestNG.run(AbstractRemoteTestNG.java:115)
at org.testng.remote.RemoteTestNG.initAndRun(RemoteTestNG.java:293)
at org.testng.remote.RemoteTestNG.main(RemoteTestNG.java:91)
]]>
            </full-stacktrace>
          </exception> <!-- java.lang.Throwable -->
          <reporter-output>
          </reporter-output>
        </test-method> <!-- previewTab -->
      </class> <!-- tests.BookingTest -->
    </test> <!-- User_Test -->
  </suite> <!-- User_Suite -->
</testng-results>
