<?xml version="1.0" encoding="UTF-8"?>
<testng-results ignored="0" total="9" passed="9" failed="0" skipped="0">
  <reporter-output>
  </reporter-output>
  <suite started-at="2024-11-19T17:24:17 IST" name="User_Suite" finished-at="2024-11-19T17:31:28 IST" duration-ms="430456">
    <groups>
    </groups>
    <test started-at="2024-11-19T17:24:17 IST" name="User_Test" finished-at="2024-11-19T17:31:28 IST" duration-ms="430456">
      <class name="tests.BookingTest">
        <test-method is-config="true" signature="setup()[pri:0, instance:tests.BookingTest@fc258b1]" started-at="2024-11-19T17:24:17 IST" name="setup" finished-at="2024-11-19T17:24:19 IST" duration-ms="1439" status="PASS">
          <reporter-output>
          </reporter-output>
        </test-method> <!-- setup -->
        <test-method signature="login()[pri:0, instance:tests.BookingTest@fc258b1]" started-at="2024-11-19T17:24:19 IST" name="login" finished-at="2024-11-19T17:24:28 IST" duration-ms="8994" status="PASS">
          <reporter-output>
          </reporter-output>
        </test-method> <!-- login -->
        <test-method signature="menu()[pri:0, instance:tests.BookingTest@fc258b1]" started-at="2024-11-19T17:24:28 IST" name="menu" finished-at="2024-11-19T17:24:28 IST" depends-on-methods="tests.BookingTest.login" duration-ms="174" status="PASS">
          <reporter-output>
          </reporter-output>
        </test-method> <!-- menu -->
        <test-method signature="csu()[pri:0, instance:tests.BookingTest@fc258b1]" started-at="2024-11-19T17:24:28 IST" name="csu" finished-at="2024-11-19T17:24:39 IST" depends-on-methods="tests.BookingTest.menu" duration-ms="10592" status="PASS">
          <reporter-output>
          </reporter-output>
        </test-method> <!-- csu -->
        <test-method signature="agent()[pri:0, instance:tests.BookingTest@fc258b1]" started-at="2024-11-19T17:24:39 IST" name="agent" finished-at="2024-11-19T17:25:50 IST" depends-on-methods="tests.BookingTest.csu" duration-ms="71186" status="PASS">
          <reporter-output>
          </reporter-output>
        </test-method> <!-- agent -->
        <test-method signature="voyageTab()[pri:0, instance:tests.BookingTest@fc258b1]" started-at="2024-11-19T17:25:50 IST" name="voyageTab" finished-at="2024-11-19T17:26:00 IST" depends-on-methods="tests.BookingTest.agent" duration-ms="9824" status="PASS">
          <reporter-output>
          </reporter-output>
        </test-method> <!-- voyageTab -->
        <test-method signature="packageTab()[pri:0, instance:tests.BookingTest@fc258b1]" started-at="2024-11-19T17:26:00 IST" name="packageTab" finished-at="2024-11-19T17:26:04 IST" depends-on-methods="tests.BookingTest.voyageTab" duration-ms="4431" status="PASS">
          <reporter-output>
          </reporter-output>
        </test-method> <!-- packageTab -->
        <test-method signature="suiteTab()[pri:0, instance:tests.BookingTest@fc258b1]" started-at="2024-11-19T17:26:04 IST" name="suiteTab" finished-at="2024-11-19T17:29:13 IST" depends-on-methods="tests.BookingTest.packageTab" duration-ms="188643" status="PASS">
          <reporter-output>
          </reporter-output>
        </test-method> <!-- suiteTab -->
        <test-method signature="previewTab()[pri:0, instance:tests.BookingTest@fc258b1]" started-at="2024-11-19T17:29:13 IST" name="previewTab" finished-at="2024-11-19T17:30:24 IST" depends-on-methods="tests.BookingTest.suiteTab" duration-ms="70817" status="PASS">
          <reporter-output>
          </reporter-output>
        </test-method> <!-- previewTab -->
        <test-method signature="newProfile()[pri:0, instance:tests.BookingTest@fc258b1]" started-at="2024-11-19T17:30:24 IST" name="newProfile" finished-at="2024-11-19T17:31:28 IST" depends-on-methods="tests.BookingTest.previewTab" duration-ms="64196" status="PASS">
          <reporter-output>
          </reporter-output>
        </test-method> <!-- newProfile -->
      </class> <!-- tests.BookingTest -->
    </test> <!-- User_Test -->
  </suite> <!-- User_Suite -->
</testng-results>
